# JRE version: OpenJDK Runtime Environment (8.0_112-b21) (build 1.8.0_112-release-736-b21)
# Java VM: OpenJDK 64-Bit Server VM (25.112-b21 mixed mode linux-amd64 compressed oops)
Heap:
 par new generation   total 39296K, used 27617K [0x00000000d1200000, 0x00000000d3ca0000, 0x00000000e0c00000)
  eden space 34944K,  72% used [0x00000000d1200000, 0x00000000d2a950c8, 0x00000000d3420000)
  from space 4352K,  56% used [0x00000000d3860000, 0x00000000d3ac34b8, 0x00000000d3ca0000)
  to   space 4352K,   0% used [0x00000000d3420000, 0x00000000d3420000, 0x00000000d3860000)
 concurrent mark-sweep generation total 282864K, used 169627K [0x00000000e0c00000, 0x00000000f203c000, 0x0000000100000000)
 Metaspace       used 135382K, capacity 142460K, committed 142596K, reserved 1171456K
  class space    used 18688K, capacity 20270K, committed 20284K, reserved 1048576K
GC Heap History (10 events):
Event: 2759.467 GC heap before
{Heap before GC invocations=84 (full 7):
 par new generation   total 39296K, used 34948K [0x00000000d1200000, 0x00000000d3ca0000, 0x00000000e0c00000)
  eden space 34944K, 100% used [0x00000000d1200000, 0x00000000d3420000, 0x00000000d3420000)
  from space 4352K,   0% used [0x00000000d3420000, 0x00000000d3421020, 0x00000000d3860000)
  to   space 4352K,   0% used [0x00000000d3860000, 0x00000000d3860000, 0x00000000d3ca0000)
 concurrent mark-sweep generation total 266476K, used 167380K [0x00000000e0c00000, 0x00000000f103b000, 0x0000000100000000)
 Metaspace       used 134217K, capacity 141226K, committed 141444K, reserved 1171456K
  class space    used 18580K, capacity 20121K, committed 20156K, reserved 1048576K
Event: 2759.492 GC heap after
Heap after GC invocations=85 (full 7):
 par new generation   total 39296K, used 4K [0x00000000d1200000, 0x00000000d3ca0000, 0x00000000e0c00000)
  eden space 34944K,   0% used [0x00000000d1200000, 0x00000000d1200000, 0x00000000d3420000)
  from space 4352K,   0% used [0x00000000d3860000, 0x00000000d3861020, 0x00000000d3ca0000)
  to   space 4352K,   0% used [0x00000000d3420000, 0x00000000d3420000, 0x00000000d3860000)
 concurrent mark-sweep generation total 282864K, used 183764K [0x00000000e0c00000, 0x00000000f203c000, 0x0000000100000000)
 Metaspace       used 134217K, capacity 141226K, committed 141444K, reserved 1171456K
  class space    used 18580K, capacity 20121K, committed 20156K, reserved 1048576K
}
Event: 2759.564 GC heap before
{Heap before GC invocations=85 (full 8):
 par new generation   total 39296K, used 34948K [0x00000000d1200000, 0x00000000d3ca0000, 0x00000000e0c00000)
  eden space 34944K, 100% used [0x00000000d1200000, 0x00000000d3420000, 0x00000000d3420000)
  from space 4352K,   0% used [0x00000000d3860000, 0x00000000d3861020, 0x00000000d3ca0000)
  to   space 4352K,   0% used [0x00000000d3420000, 0x00000000d3420000, 0x00000000d3860000)
 concurrent mark-sweep generation total 282864K, used 183764K [0x00000000e0c00000, 0x00000000f203c000, 0x0000000100000000)
 Metaspace       used 134217K, capacity 141226K, committed 141444K, reserved 1171456K
  class space    used 18580K, capacity 20121K, committed 20156K, reserved 1048576K
Event: 2759.568 GC heap after
Heap after GC invocations=86 (full 8):
 par new generation   total 39296K, used 4K [0x00000000d1200000, 0x00000000d3ca0000, 0x00000000e0c00000)
  eden space 34944K,   0% used [0x00000000d1200000, 0x00000000d1200000, 0x00000000d3420000)
  from space 4352K,   0% used [0x00000000d3420000, 0x00000000d3421020, 0x00000000d3860000)
  to   space 4352K,   0% used [0x00000000d3860000, 0x00000000d3860000, 0x00000000d3ca0000)
 concurrent mark-sweep generation total 282864K, used 183764K [0x00000000e0c00000, 0x00000000f203c000, 0x0000000100000000)
 Metaspace       used 134217K, capacity 141226K, committed 141444K, reserved 1171456K
  class space    used 18580K, capacity 20121K, committed 20156K, reserved 1048576K
}
Event: 2759.620 GC heap before
{Heap before GC invocations=86 (full 8):
 par new generation   total 39296K, used 34948K [0x00000000d1200000, 0x00000000d3ca0000, 0x00000000e0c00000)
  eden space 34944K, 100% used [0x00000000d1200000, 0x00000000d3420000, 0x00000000d3420000)
  from space 4352K,   0% used [0x00000000d3420000, 0x00000000d3421020, 0x00000000d3860000)
  to   space 4352K,   0% used [0x00000000d3860000, 0x00000000d3860000, 0x00000000d3ca0000)
 concurrent mark-sweep generation total 282864K, used 183764K [0x00000000e0c00000, 0x00000000f203c000, 0x0000000100000000)
 Metaspace       used 134217K, capacity 141226K, committed 141444K, reserved 1171456K
  class space    used 18580K, capacity 20121K, committed 20156K, reserved 1048576K
Event: 2759.624 GC heap after
Heap after GC invocations=87 (full 8):
 par new generation   total 39296K, used 4K [0x00000000d1200000, 0x00000000d3ca0000, 0x00000000e0c00000)
  eden space 34944K,   0% used [0x00000000d1200000, 0x00000000d1200000, 0x00000000d3420000)
  from space 4352K,   0% used [0x00000000d3860000, 0x00000000d3861020, 0x00000000d3ca0000)
  to   space 4352K,   0% used [0x00000000d3420000, 0x00000000d3420000, 0x00000000d3860000)
 concurrent mark-sweep generation total 282864K, used 183764K [0x00000000e0c00000, 0x00000000f203c000, 0x0000000100000000)
 Metaspace       used 134217K, capacity 141226K, committed 141444K, reserved 1171456K
  class space    used 18580K, capacity 20121K, committed 20156K, reserved 1048576K
}
Event: 2759.681 GC heap before
{Heap before GC invocations=87 (full 8):
 par new generation   total 39296K, used 34948K [0x00000000d1200000, 0x00000000d3ca0000, 0x00000000e0c00000)
  eden space 34944K, 100% used [0x00000000d1200000, 0x00000000d3420000, 0x00000000d3420000)
  from space 4352K,   0% used [0x00000000d3860000, 0x00000000d3861020, 0x00000000d3ca0000)
  to   space 4352K,   0% used [0x00000000d3420000, 0x00000000d3420000, 0x00000000d3860000)
 concurrent mark-sweep generation total 282864K, used 183764K [0x00000000e0c00000, 0x00000000f203c000, 0x0000000100000000)
 Metaspace       used 134217K, capacity 141226K, committed 141444K, reserved 1171456K
  class space    used 18580K, capacity 20121K, committed 20156K, reserved 1048576K
Event: 2759.685 GC heap after
Heap after GC invocations=88 (full 8):
 par new generation   total 39296K, used 4K [0x00000000d1200000, 0x00000000d3ca0000, 0x00000000e0c00000)
  eden space 34944K,   0% used [0x00000000d1200000, 0x00000000d1200000, 0x00000000d3420000)
  from space 4352K,   0% used [0x00000000d3420000, 0x00000000d3421020, 0x00000000d3860000)
  to   space 4352K,   0% used [0x00000000d3860000, 0x00000000d3860000, 0x00000000d3ca0000)
 concurrent mark-sweep generation total 282864K, used 183764K [0x00000000e0c00000, 0x00000000f203c000, 0x0000000100000000)
 Metaspace       used 134217K, capacity 141226K, committed 141444K, reserved 1171456K
  class space    used 18580K, capacity 20121K, committed 20156K, reserved 1048576K
}
Event: 2760.347 GC heap before
{Heap before GC invocations=88 (full 8):
 par new generation   total 39296K, used 34948K [0x00000000d1200000, 0x00000000d3ca0000, 0x00000000e0c00000)
  eden space 34944K, 100% used [0x00000000d1200000, 0x00000000d3420000, 0x00000000d3420000)
  from space 4352K,   0% used [0x00000000d3420000, 0x00000000d3421020, 0x00000000d3860000)
  to   space 4352K,   0% used [0x00000000d3860000, 0x00000000d3860000, 0x00000000d3ca0000)
 concurrent mark-sweep generation total 282864K, used 183764K [0x00000000e0c00000, 0x00000000f203c000, 0x0000000100000000)
 Metaspace       used 134435K, capacity 141418K, committed 141828K, reserved 1171456K
  class space    used 18604K, capacity 20163K, committed 20284K, reserved 1048576K
Event: 2760.353 GC heap after
Heap after GC invocations=89 (full 8):
 par new generation   total 39296K, used 2445K [0x00000000d1200000, 0x00000000d3ca0000, 0x00000000e0c00000)
  eden space 34944K,   0% used [0x00000000d1200000, 0x00000000d1200000, 0x00000000d3420000)
  from space 4352K,  56% used [0x00000000d3860000, 0x00000000d3ac34b8, 0x00000000d3ca0000)
  to   space 4352K,   0% used [0x00000000d3420000, 0x00000000d3420000, 0x00000000d3860000)
 concurrent mark-sweep generation total 282864K, used 183764K [0x00000000e0c00000, 0x00000000f203c000, 0x0000000100000000)
 Metaspace       used 134435K, capacity 141418K, committed 141828K, reserved 1171456K
  class space    used 18604K, capacity 20163K, committed 20284K, reserved 1048576K
}

